<?xml version="1.0" encoding="UTF-8"?>
<testsuites tests="292">
	<testsuite name="securosys.ch/tests" tests="292" failures="0" errors="0" id="0" hostname="deb11buildxl" time="485.555" timestamp="2023-11-28T14:52:29+01:00">
		<testcase name="TestConfig" classname="securosys.ch/tests" time="0.200"></testcase>
		<testcase name="TestConfig/Test_Configuration" classname="securosys.ch/tests" time="0.190"></testcase>
		<testcase name="TestAESKey" classname="securosys.ch/tests" time="1.670"></testcase>
		<testcase name="TestAESKey/add_config" classname="securosys.ch/tests" time="0.110"></testcase>
		<testcase name="TestAESKey/Test_Creating_AES_key_=_KeySize_256" classname="securosys.ch/tests" time="0.560"></testcase>
		<testcase name="TestAESKey/Test_Creating_AES_key_=_KeySize_192" classname="securosys.ch/tests" time="0.540"></testcase>
		<testcase name="TestAESKey/Test_Creating_AES_key_=_KeySize_128" classname="securosys.ch/tests" time="0.460"></testcase>
		<testcase name="TestBLSKey" classname="securosys.ch/tests" time="0.970"></testcase>
		<testcase name="TestBLSKey/add_config" classname="securosys.ch/tests" time="0.080"></testcase>
		<testcase name="TestBLSKey/Test_Creating_BLS_key" classname="securosys.ch/tests" time="0.900"></testcase>
		<testcase name="TestCamelliaKey" classname="securosys.ch/tests" time="0.640"></testcase>
		<testcase name="TestCamelliaKey/add_config" classname="securosys.ch/tests" time="0.060"></testcase>
		<testcase name="TestCamelliaKey/Test_Creating_CAMELLIA_key" classname="securosys.ch/tests" time="0.580"></testcase>
		<testcase name="TestCHACHA20Key" classname="securosys.ch/tests" time="0.660"></testcase>
		<testcase name="TestCHACHA20Key/add_config" classname="securosys.ch/tests" time="0.080"></testcase>
		<testcase name="TestCHACHA20Key/Test_Creating_CHACHA20_key" classname="securosys.ch/tests" time="0.580"></testcase>
		<testcase name="TestDSAKey" classname="securosys.ch/tests" time="18.920"></testcase>
		<testcase name="TestDSAKey/add_config" classname="securosys.ch/tests" time="0.080"></testcase>
		<testcase name="TestDSAKey/Test_Creating_DSA_key_=_KeySize_1024" classname="securosys.ch/tests" time="4.180"></testcase>
		<testcase name="TestDSAKey/Test_Creating_DSA_key_=_KeySize_2048" classname="securosys.ch/tests" time="14.650"></testcase>
		<testcase name="TestECKey" classname="securosys.ch/tests" time="2.490"></testcase>
		<testcase name="TestECKey/add_config" classname="securosys.ch/tests" time="0.090"></testcase>
		<testcase name="TestECKey/Test_Creating_EC_key_=_curveOid_secp256k1" classname="securosys.ch/tests" time="0.640"></testcase>
		<testcase name="TestECKey/Test_Creating_EC_key_=_curveOid_secp384r1" classname="securosys.ch/tests" time="0.840"></testcase>
		<testcase name="TestECKey/Test_Creating_EC_key_=_curveOid_(prime256v1_/_secp256r1)" classname="securosys.ch/tests" time="0.920"></testcase>
		<testcase name="TestEDKey" classname="securosys.ch/tests" time="0.830"></testcase>
		<testcase name="TestEDKey/add_config" classname="securosys.ch/tests" time="0.110"></testcase>
		<testcase name="TestEDKey/Test_Creating_ED_key_=_curveOid_Ed25519" classname="securosys.ch/tests" time="0.720"></testcase>
		<testcase name="TestIMPORTKey" classname="securosys.ch/tests" time="0.760"></testcase>
		<testcase name="TestIMPORTKey/add_config" classname="securosys.ch/tests" time="0.080"></testcase>
		<testcase name="TestIMPORTKey/Test_Creating_IMPORT_key_=_AES" classname="securosys.ch/tests" time="0.680"></testcase>
		<testcase name="TestRSAKey" classname="securosys.ch/tests" time="10.840"></testcase>
		<testcase name="TestRSAKey/add_config" classname="securosys.ch/tests" time="0.100"></testcase>
		<testcase name="TestRSAKey/Test_Creating_RSA_key_=_KeySize_1024" classname="securosys.ch/tests" time="1.000"></testcase>
		<testcase name="TestRSAKey/Test_Creating_RSA_key_=_KeySize_2048" classname="securosys.ch/tests" time="1.710"></testcase>
		<testcase name="TestRSAKey/Test_Creating_RSA_key_=_KeySize_3072" classname="securosys.ch/tests" time="2.260"></testcase>
		<testcase name="TestRSAKey/Test_Creating_RSA_key_=_KeySize_4096" classname="securosys.ch/tests" time="5.760"></testcase>
		<testcase name="TestTDEAKey" classname="securosys.ch/tests" time="0.780"></testcase>
		<testcase name="TestTDEAKey/add_config" classname="securosys.ch/tests" time="0.140"></testcase>
		<testcase name="TestTDEAKey/Test_Creating_TDEA_key" classname="securosys.ch/tests" time="0.650"></testcase>
		<testcase name="TestCreateKeyUsingTypeName" classname="securosys.ch/tests" time="12.800"></testcase>
		<testcase name="TestCreateKeyUsingTypeName/add_config" classname="securosys.ch/tests" time="0.060"></testcase>
		<testcase name="TestCreateKeyUsingTypeName/Test_Creating_Key_with_type_name_=_aes256-gcm96" classname="securosys.ch/tests" time="0.740"></testcase>
		<testcase name="TestCreateKeyUsingTypeName/Test_Creating_Key_with_type_name_=_rsa-2048" classname="securosys.ch/tests" time="1.800"></testcase>
		<testcase name="TestCreateKeyUsingTypeName/Test_Creating_Key_with_type_name_=_rsa-3072" classname="securosys.ch/tests" time="3.090"></testcase>
		<testcase name="TestCreateKeyUsingTypeName/Test_Creating_Key_with_type_name_=_rsa-4096" classname="securosys.ch/tests" time="4.130"></testcase>
		<testcase name="TestCreateKeyUsingTypeName/Test_Creating_Key_with_type_name_=_ecdsa-p256" classname="securosys.ch/tests" time="1.200"></testcase>
		<testcase name="TestCreateKeyUsingTypeName/Test_Creating_Key_with_type_name_=_ecdsa-p384" classname="securosys.ch/tests" time="1.050"></testcase>
		<testcase name="TestCreateKeyUsingTypeName/Test_Creating_Key_with_type_name_=_ecdsa-p521" classname="securosys.ch/tests" time="0.730"></testcase>
		<testcase name="TestCreateKeyUsingTypeName/Test_Creating_Key_with_type_name_=_that_is_not_supported" classname="securosys.ch/tests" time="0.000"></testcase>
		<testcase name="TestRotateKeys" classname="securosys.ch/tests" time="91.500"></testcase>
		<testcase name="TestRotateKeys/add_config" classname="securosys.ch/tests" time="0.090"></testcase>
		<testcase name="TestRotateKeys/prepare_test_keys" classname="securosys.ch/tests" time="24.950"></testcase>
		<testcase name="TestRotateKeys/Test_Rotate_Key_-_AES" classname="securosys.ch/tests" time="0.720"></testcase>
		<testcase name="TestRotateKeys/Test_Rotate_Key_-_BLS" classname="securosys.ch/tests" time="1.330"></testcase>
		<testcase name="TestRotateKeys/Test_Rotate_Key_-_CAMELLIA" classname="securosys.ch/tests" time="1.200"></testcase>
		<testcase name="TestRotateKeys/Test_Rotate_Key_-_CHACHA20" classname="securosys.ch/tests" time="1.400"></testcase>
		<testcase name="TestRotateKeys/Test_Rotate_Key_-_DSA" classname="securosys.ch/tests" time="5.840"></testcase>
		<testcase name="TestRotateKeys/Test_Rotate_Key_-_EC" classname="securosys.ch/tests" time="1.500"></testcase>
		<testcase name="TestRotateKeys/Test_Rotate_Key_-_ED" classname="securosys.ch/tests" time="2.170"></testcase>
		<testcase name="TestRotateKeys/Test_Rotate_Key_-_TDEA" classname="securosys.ch/tests" time="0.830"></testcase>
		<testcase name="TestRotateKeys/Test_Rotate_Key_-_RSA" classname="securosys.ch/tests" time="3.620"></testcase>
		<testcase name="TestRotateKeys/Test_Rotate_Key_-_RSA_with_Policy" classname="securosys.ch/tests" time="3.210"></testcase>
		<testcase name="TestRotateKeys/Test_Rotate_Key_-_HASHICORP_VAULT_AES256-GCM96" classname="securosys.ch/tests" time="0.750"></testcase>
		<testcase name="TestRotateKeys/Test_Rotate_Key_-_HASHICORP_VAULT_RSA-2048" classname="securosys.ch/tests" time="2.310"></testcase>
		<testcase name="TestRotateKeys/Test_Rotate_Key_-_HASHICORP_VAULT_RSA-3072" classname="securosys.ch/tests" time="7.340"></testcase>
		<testcase name="TestRotateKeys/Test_Rotate_Key_-_HASHICORP_VAULT_RSA-4096" classname="securosys.ch/tests" time="14.210"></testcase>
		<testcase name="TestRotateKeys/Test_Rotate_Key_-_HASHICORP_VAULT_ECDSA-P256" classname="securosys.ch/tests" time="2.260"></testcase>
		<testcase name="TestRotateKeys/Test_Rotate_Key_-_HASHICORP_VAULT_ECDSA-P384" classname="securosys.ch/tests" time="2.330"></testcase>
		<testcase name="TestRotateKeys/Test_Rotate_Key_-_HASHICORP_VAULT_ECDSA-P521" classname="securosys.ch/tests" time="1.830"></testcase>
		<testcase name="TestRotateKeys/remove_test_keys" classname="securosys.ch/tests" time="13.620"></testcase>
		<testcase name="TestKeys" classname="securosys.ch/tests" time="37.130"></testcase>
		<testcase name="TestKeys/add_config" classname="securosys.ch/tests" time="0.120"></testcase>
		<testcase name="TestKeys/prepare_test_keys" classname="securosys.ch/tests" time="27.290"></testcase>
		<testcase name="TestKeys/Test_keys_list" classname="securosys.ch/tests" time="0.000"></testcase>
		<testcase name="TestKeys/Test_Export_Keys" classname="securosys.ch/tests" time="1.530"></testcase>
		<testcase name="TestKeys/Test_Register_Keys" classname="securosys.ch/tests" time="0.210"></testcase>
		<testcase name="TestKeys/Test_Read_Keys" classname="securosys.ch/tests" time="0.000"></testcase>
		<testcase name="TestKeys/Test_Block_Keys" classname="securosys.ch/tests" time="0.420"></testcase>
		<testcase name="TestKeys/Test_UnBlock_Keys" classname="securosys.ch/tests" time="0.490"></testcase>
		<testcase name="TestKeys/Test_Modify_Keys" classname="securosys.ch/tests" time="0.640"></testcase>
		<testcase name="TestKeys/Test_Rotate_Keys" classname="securosys.ch/tests" time="0.730"></testcase>
		<testcase name="TestKeys/Test_Key_Version_List" classname="securosys.ch/tests" time="0.000"></testcase>
		<testcase name="TestKeys/Test_Read_Key_Version_v2" classname="securosys.ch/tests" time="0.000"></testcase>
		<testcase name="TestKeys/Test_Key_Delete_Version_-_Active" classname="securosys.ch/tests" time="0.000"></testcase>
		<testcase name="TestKeys/Test_Key_Delete_Version" classname="securosys.ch/tests" time="0.190"></testcase>
		<testcase name="TestKeys/Test_Update_Password" classname="securosys.ch/tests" time="0.460"></testcase>
		<testcase name="TestKeys/remove_test_keys" classname="securosys.ch/tests" time="5.050"></testcase>
		<testcase name="TestOperationsDecrypt" classname="securosys.ch/tests" time="40.550"></testcase>
		<testcase name="TestOperationsDecrypt/add_config" classname="securosys.ch/tests" time="0.130"></testcase>
		<testcase name="TestOperationsDecrypt/prepare_test_keys" classname="securosys.ch/tests" time="27.780"></testcase>
		<testcase name="TestOperationsDecrypt/Test_Decrypt_AES_-_cipher_AES" classname="securosys.ch/tests" time="0.360"></testcase>
		<testcase name="TestOperationsDecrypt/Test_Decrypt_AES_-_cipher_AES_-_alternative" classname="securosys.ch/tests" time="0.380"></testcase>
		<testcase name="TestOperationsDecrypt/Test_Decrypt_AES_-__after_rotate_-_cipher_AES_GCM_-_96" classname="securosys.ch/tests" time="0.900"></testcase>
		<testcase name="TestOperationsDecrypt/Test_Decrypt_AES_-__before_rotate_-_cipher_AES_GCM_-_96" classname="securosys.ch/tests" time="0.910"></testcase>
		<testcase name="TestOperationsDecrypt/Test_Decrypt_AES_-_cipher_AES_GCM" classname="securosys.ch/tests" time="0.410"></testcase>
		<testcase name="TestOperationsDecrypt/Test_Decrypt_AES_-_cipher_CTR" classname="securosys.ch/tests" time="0.570"></testcase>
		<testcase name="TestOperationsDecrypt/Test_Decrypt_AES_-_cipher_ECB" classname="securosys.ch/tests" time="0.440"></testcase>
		<testcase name="TestOperationsDecrypt/Test_Decrypt_AES_-_cipher_AES_CBC_NO_PADDING" classname="securosys.ch/tests" time="0.260"></testcase>
		<testcase name="TestOperationsDecrypt/Test_Decrypt_AES_-_wrong_AES_cipher_algorithm" classname="securosys.ch/tests" time="0.000"></testcase>
		<testcase name="TestOperationsDecrypt/Test_Decrypt_AES_-_wrong_tagLength_" classname="securosys.ch/tests" time="0.000"></testcase>
		<testcase name="TestOperationsDecrypt/Test_Decrypt_-_No_encryptedPayload" classname="securosys.ch/tests" time="0.000"></testcase>
		<testcase name="TestOperationsDecrypt/Test_Decrypt_-_Wrong_payload_format" classname="securosys.ch/tests" time="0.000"></testcase>
		<testcase name="TestOperationsDecrypt/Test_Decrypt_-_Wrong_key_name" classname="securosys.ch/tests" time="0.000"></testcase>
		<testcase name="TestOperationsDecrypt/Test_Decrypt_-_Wrong_key_algorithm" classname="securosys.ch/tests" time="0.000"></testcase>
		<testcase name="TestOperationsDecrypt/Test_Decrypt_-_No_cipher_algorithm" classname="securosys.ch/tests" time="0.000"></testcase>
		<testcase name="TestOperationsDecrypt/Test_Decrypt_-_wrong_AAD_" classname="securosys.ch/tests" time="0.000"></testcase>
		<testcase name="TestOperationsDecrypt/Test_Decrypt_RSA_-_cipher_RSA_PADDING_OAEP_WITH_SHA512" classname="securosys.ch/tests" time="0.320"></testcase>
		<testcase name="TestOperationsDecrypt/Test_Decrypt_RSA_-_cipher_RSA" classname="securosys.ch/tests" time="0.280"></testcase>
		<testcase name="TestOperationsDecrypt/Test_Decrypt_RSA_-_cipher_RSA_PADDING_OAEP_WITH_SHA224" classname="securosys.ch/tests" time="0.230"></testcase>
		<testcase name="TestOperationsDecrypt/Test_Decrypt_RSA_-_cipher_RSA_PADDING_OAEP_WITH_SHA256" classname="securosys.ch/tests" time="0.290"></testcase>
		<testcase name="TestOperationsDecrypt/Test_Decrypt_RSA_-_cipher_RSA_PADDING_OAEP_WITH_SHA1" classname="securosys.ch/tests" time="0.300"></testcase>
		<testcase name="TestOperationsDecrypt/Test_Decrypt_RSA_-_cipher_RSA_PADDING_OAEP" classname="securosys.ch/tests" time="0.340"></testcase>
		<testcase name="TestOperationsDecrypt/Test_Decrypt_RSA_-_cipher_RSA_PADDING_OAEP_WITH_SHA384" classname="securosys.ch/tests" time="0.330"></testcase>
		<testcase name="TestOperationsDecrypt/Test_Decrypt_RSA_-_cipher_RSA_NO_PADDING" classname="securosys.ch/tests" time="0.300"></testcase>
		<testcase name="TestOperationsDecrypt/Test_Decrypt_CHACHA20_-_cipher_CHACHA20_AEAD" classname="securosys.ch/tests" time="0.240"></testcase>
		<testcase name="TestOperationsDecrypt/Test_Decrypt_CHACHA20_-_cipher_CHACHA20" classname="securosys.ch/tests" time="0.340"></testcase>
		<testcase name="TestOperationsDecrypt/Test_Decrypt_CHACHA20_-_wrong_CHACHA20_cipher_algorithm" classname="securosys.ch/tests" time="0.070"></testcase>
		<testcase name="TestOperationsDecrypt/Test_Decrypt_CAMELLIA_-_cipher_CAMELLIA" classname="securosys.ch/tests" time="0.260"></testcase>
		<testcase name="TestOperationsDecrypt/Test_Decrypt_CAMELLIA_-_cipher_CAMELLIA_CBC_NO_PADDING" classname="securosys.ch/tests" time="0.220"></testcase>
		<testcase name="TestOperationsDecrypt/Test_Decrypt_CAMELLIA_-_cipher_CAMELLIA_ECB" classname="securosys.ch/tests" time="0.290"></testcase>
		<testcase name="TestOperationsDecrypt/Test_Decrypt_CAMELLIA_-_wrong_CAMELLIA_cipher_algorithm" classname="securosys.ch/tests" time="0.190"></testcase>
		<testcase name="TestOperationsDecrypt/Test_Decrypt_TDEA_-_cipher_TDEA_CBC" classname="securosys.ch/tests" time="0.320"></testcase>
		<testcase name="TestOperationsDecrypt/Test_Decrypt_TDEA_-_cipher_TDEA_CBC_NO_PADDING" classname="securosys.ch/tests" time="0.290"></testcase>
		<testcase name="TestOperationsDecrypt/Test_Decrypt_TDEA_-_cipher_TDEA_ECB" classname="securosys.ch/tests" time="0.310"></testcase>
		<testcase name="TestOperationsDecrypt/Test_Decrypt_TDEA_-_wrong_TDEA_cipher_algorithm" classname="securosys.ch/tests" time="0.000"></testcase>
		<testcase name="TestOperationsDecrypt/remove_test_keys" classname="securosys.ch/tests" time="3.480"></testcase>
		<testcase name="TestOperationsEncrypt" classname="securosys.ch/tests" time="27.400"></testcase>
		<testcase name="TestOperationsEncrypt/add_config" classname="securosys.ch/tests" time="0.100"></testcase>
		<testcase name="TestOperationsEncrypt/prepare_test_keys" classname="securosys.ch/tests" time="20.620"></testcase>
		<testcase name="TestOperationsEncrypt/Test_Encrypt_AES_-_cipher_AES" classname="securosys.ch/tests" time="0.200"></testcase>
		<testcase name="TestOperationsEncrypt/Test_Encrypt_AES_-__after_rotate_-_cipher_AES_GCM_-_96" classname="securosys.ch/tests" time="0.460"></testcase>
		<testcase name="TestOperationsEncrypt/Test_Encrypt_AES_-_cipher_AES_GCM" classname="securosys.ch/tests" time="0.150"></testcase>
		<testcase name="TestOperationsEncrypt/Test_Encrypt_AES_-_cipher_CTR" classname="securosys.ch/tests" time="0.190"></testcase>
		<testcase name="TestOperationsEncrypt/Test_Encrypt_AES_-_cipher_ECB" classname="securosys.ch/tests" time="0.100"></testcase>
		<testcase name="TestOperationsEncrypt/Test_Encrypt_AES_-_cipher_AES_CBC_NO_PADDING" classname="securosys.ch/tests" time="0.100"></testcase>
		<testcase name="TestOperationsEncrypt/Test_Encrypt_AES_-_wrong_AES_cipher_algorithm" classname="securosys.ch/tests" time="0.000"></testcase>
		<testcase name="TestOperationsEncrypt/Test_Encrypt_AES_-_wrong_tagLength_" classname="securosys.ch/tests" time="0.000"></testcase>
		<testcase name="TestOperationsEncrypt/Test_Encrypt_-_No_payload" classname="securosys.ch/tests" time="0.000"></testcase>
		<testcase name="TestOperationsEncrypt/Test_Encrypt_-_Wrong_payload_format" classname="securosys.ch/tests" time="0.000"></testcase>
		<testcase name="TestOperationsEncrypt/Test_Encrypt_-_Wrong_key_name" classname="securosys.ch/tests" time="0.000"></testcase>
		<testcase name="TestOperationsEncrypt/Test_Encrypt_-_Wrong_key_algorithm" classname="securosys.ch/tests" time="0.000"></testcase>
		<testcase name="TestOperationsEncrypt/Test_Encrypt_-_No_cipher_algorithm" classname="securosys.ch/tests" time="0.000"></testcase>
		<testcase name="TestOperationsEncrypt/Test_Encrypt_-_wrong_AAD_" classname="securosys.ch/tests" time="0.000"></testcase>
		<testcase name="TestOperationsEncrypt/Test_Encrypt_RSA_-_cipher_RSA_PADDING_OAEP_WITH_SHA512" classname="securosys.ch/tests" time="0.140"></testcase>
		<testcase name="TestOperationsEncrypt/Test_Encrypt_RSA_-_cipher_RSA" classname="securosys.ch/tests" time="0.150"></testcase>
		<testcase name="TestOperationsEncrypt/Test_Encrypt_RSA_-_cipher_RSA_PADDING_OAEP_WITH_SHA224" classname="securosys.ch/tests" time="0.120"></testcase>
		<testcase name="TestOperationsEncrypt/Test_Encrypt_RSA_-_cipher_RSA_PADDING_OAEP_WITH_SHA256" classname="securosys.ch/tests" time="0.160"></testcase>
		<testcase name="TestOperationsEncrypt/Test_Encrypt_RSA_-_cipher_RSA_PADDING_OAEP_WITH_SHA1" classname="securosys.ch/tests" time="0.150"></testcase>
		<testcase name="TestOperationsEncrypt/Test_Encrypt_RSA_-_cipher_RSA_PADDING_OAEP" classname="securosys.ch/tests" time="0.110"></testcase>
		<testcase name="TestOperationsEncrypt/Test_Encrypt_RSA_-_cipher_RSA_PADDING_OAEP_WITH_SHA384" classname="securosys.ch/tests" time="0.310"></testcase>
		<testcase name="TestOperationsEncrypt/Test_Encrypt_RSA_-_cipher_RSA_NO_PADDING" classname="securosys.ch/tests" time="0.150"></testcase>
		<testcase name="TestOperationsEncrypt/Test_Encrypt_CHACHA20_-_cipher_CHACHA20_AEAD" classname="securosys.ch/tests" time="0.120"></testcase>
		<testcase name="TestOperationsEncrypt/Test_Encrypt_CHACHA20_-_cipher_CHACHA20" classname="securosys.ch/tests" time="0.140"></testcase>
		<testcase name="TestOperationsEncrypt/Test_Encrypt_CHACHA20_-_wrong_CHACHA20_cipher_algorithm" classname="securosys.ch/tests" time="0.110"></testcase>
		<testcase name="TestOperationsEncrypt/Test_Encrypt_CAMELLIA_-_cipher_CAMELLIA" classname="securosys.ch/tests" time="0.140"></testcase>
		<testcase name="TestOperationsEncrypt/Test_Encrypt_CAMELLIA_-_cipher_CAMELLIA_CBC_NO_PADDING" classname="securosys.ch/tests" time="0.150"></testcase>
		<testcase name="TestOperationsEncrypt/Test_Encrypt_CAMELLIA_-_cipher_CAMELLIA_ECB" classname="securosys.ch/tests" time="0.140"></testcase>
		<testcase name="TestOperationsEncrypt/Test_Encrypt_CAMELLIA_-_wrong_CAMELLIA_cipher_algorithm" classname="securosys.ch/tests" time="0.110"></testcase>
		<testcase name="TestOperationsEncrypt/Test_Encrypt_TDEA_-_cipher_TDEA_CBC" classname="securosys.ch/tests" time="0.140"></testcase>
		<testcase name="TestOperationsEncrypt/Test_Encrypt_TDEA_-_cipher_TDEA_CBC_NO_PADDING" classname="securosys.ch/tests" time="0.170"></testcase>
		<testcase name="TestOperationsEncrypt/Test_Encrypt_TDEA_-_cipher_TDEA_ECB" classname="securosys.ch/tests" time="0.100"></testcase>
		<testcase name="TestOperationsEncrypt/Test_Encrypt_TDEA_-_wrong_TDEA_cipher_algorithm" classname="securosys.ch/tests" time="0.000"></testcase>
		<testcase name="TestOperationsEncrypt/remove_test_keys" classname="securosys.ch/tests" time="2.880"></testcase>
		<testcase name="TestOperationsSign" classname="securosys.ch/tests" time="31.120"></testcase>
		<testcase name="TestOperationsSign/add_config" classname="securosys.ch/tests" time="0.110"></testcase>
		<testcase name="TestOperationsSign/prepare_test_keys" classname="securosys.ch/tests" time="22.010"></testcase>
		<testcase name="TestOperationsSign/Test_Sign_EC_-_signature_NONE_WITH_ECDSA" classname="securosys.ch/tests" time="0.140"></testcase>
		<testcase name="TestOperationsSign/Test_Sign_EC_-_signature_SHA1_WITH_ECDSA" classname="securosys.ch/tests" time="0.100"></testcase>
		<testcase name="TestOperationsSign/Test_Sign_EC_-_signature_SHA224_WITH_ECDSA" classname="securosys.ch/tests" time="0.150"></testcase>
		<testcase name="TestOperationsSign/Test_Sign_EC_-_signature_SHA256_WITH_ECDSA" classname="securosys.ch/tests" time="0.100"></testcase>
		<testcase name="TestOperationsSign/Test_Sign_EC_-_signature_SHA384_WITH_ECDSA" classname="securosys.ch/tests" time="0.200"></testcase>
		<testcase name="TestOperationsSign/Test_Sign_EC_-_signature_SHA512_WITH_ECDSA" classname="securosys.ch/tests" time="0.100"></testcase>
		<testcase name="TestOperationsSign/Test_Sign_EC_-_signature_SHA3224_WITH_ECDSA" classname="securosys.ch/tests" time="0.170"></testcase>
		<testcase name="TestOperationsSign/Test_Sign_EC_-_signature_SHA3256_WITH_ECDSA" classname="securosys.ch/tests" time="0.190"></testcase>
		<testcase name="TestOperationsSign/Test_Sign_EC_-_signature_SHA3384_WITH_ECDSA" classname="securosys.ch/tests" time="0.110"></testcase>
		<testcase name="TestOperationsSign/Test_Sign_EC_-_signature_SHA3512_WITH_ECDSA" classname="securosys.ch/tests" time="0.120"></testcase>
		<testcase name="TestOperationsSign/Test_Sign_EC_-_signature_KECCAK224_WITH_ECDSA" classname="securosys.ch/tests" time="0.120"></testcase>
		<testcase name="TestOperationsSign/Test_Sign_EC_-_signature_KECCAK256_WITH_ECDSA" classname="securosys.ch/tests" time="0.110"></testcase>
		<testcase name="TestOperationsSign/Test_Sign_EC_-_signature_KECCAK384_WITH_ECDSA" classname="securosys.ch/tests" time="0.110"></testcase>
		<testcase name="TestOperationsSign/Test_Sign_EC_-_signature_KECCAK512_WITH_ECDSA" classname="securosys.ch/tests" time="0.130"></testcase>
		<testcase name="TestOperationsSign/Test_Sign_ED_-_signature_EDDSA" classname="securosys.ch/tests" time="0.140"></testcase>
		<testcase name="TestOperationsSign/Test_Sign_RSA_-_signature_SHA224_WITH_RSA_PSS" classname="securosys.ch/tests" time="0.110"></testcase>
		<testcase name="TestOperationsSign/Test_Sign_RSA_-_signature_SHA256_WITH_RSA_PSS" classname="securosys.ch/tests" time="0.190"></testcase>
		<testcase name="TestOperationsSign/Test_Sign_RSA_-_signature_SHA384_WITH_RSA_PSS" classname="securosys.ch/tests" time="0.120"></testcase>
		<testcase name="TestOperationsSign/Test_Sign_RSA_-_signature_SHA512_WITH_RSA_PSS" classname="securosys.ch/tests" time="0.100"></testcase>
		<testcase name="TestOperationsSign/Test_Sign_RSA_-_signature_NONE_WITH_RSA" classname="securosys.ch/tests" time="0.140"></testcase>
		<testcase name="TestOperationsSign/Test_Sign_RSA_-_signature_SHA224_WITH_RSA" classname="securosys.ch/tests" time="0.140"></testcase>
		<testcase name="TestOperationsSign/Test_Sign_RSA_-_rotate_key_-_signature_SHA224_WITH_RSA" classname="securosys.ch/tests" time="1.560"></testcase>
		<testcase name="TestOperationsSign/Test_Sign_RSA_-_signature_SHA256_WITH_RSA" classname="securosys.ch/tests" time="0.140"></testcase>
		<testcase name="TestOperationsSign/Test_Sign_RSA_-_signature_SHA384_WITH_RSA" classname="securosys.ch/tests" time="0.150"></testcase>
		<testcase name="TestOperationsSign/Test_Sign_RSA_-_signature_SHA512_WITH_RSA" classname="securosys.ch/tests" time="0.140"></testcase>
		<testcase name="TestOperationsSign/Test_Sign_RSA_-_signature_SHA1_WITH_RSA" classname="securosys.ch/tests" time="0.170"></testcase>
		<testcase name="TestOperationsSign/Test_Sign_RSA_-_signature_SHA1_WITH_RSA_PSS" classname="securosys.ch/tests" time="0.140"></testcase>
		<testcase name="TestOperationsSign/Test_Sign_DSA_-_signature_NONE_WITH_DSA" classname="securosys.ch/tests" time="0.130"></testcase>
		<testcase name="TestOperationsSign/Test_Sign_DSA_-_signature_SHA224_WITH_DSA" classname="securosys.ch/tests" time="0.120"></testcase>
		<testcase name="TestOperationsSign/Test_Sign_DSA_-_signature_SHA256_WITH_DSA" classname="securosys.ch/tests" time="0.130"></testcase>
		<testcase name="TestOperationsSign/Test_Sign_DSA_-_signature_SHA384_WITH_DSA" classname="securosys.ch/tests" time="0.140"></testcase>
		<testcase name="TestOperationsSign/Test_Sign_DSA_-_signature_SHA512_WITH_DSA" classname="securosys.ch/tests" time="0.150"></testcase>
		<testcase name="TestOperationsSign/Test_Sign_DSA_-_signature_SHA1_WITH_DSA" classname="securosys.ch/tests" time="0.180"></testcase>
		<testcase name="TestOperationsSign/Test_Sign_BLS_-_signature_BLS" classname="securosys.ch/tests" time="0.180"></testcase>
		<testcase name="TestOperationsSign/remove_test_keys" classname="securosys.ch/tests" time="2.860"></testcase>
		<testcase name="TestOperationsUnWrap" classname="securosys.ch/tests" time="40.240"></testcase>
		<testcase name="TestOperationsUnWrap/add_config" classname="securosys.ch/tests" time="0.090"></testcase>
		<testcase name="TestOperationsUnWrap/prepare_test_keys" classname="securosys.ch/tests" time="21.000"></testcase>
		<testcase name="TestOperationsUnWrap/Test_UnWrap_AES_-_wrap_method_AES_WRAP" classname="securosys.ch/tests" time="0.540"></testcase>
		<testcase name="TestOperationsUnWrap/Test_UnWrap_AES_-_wrap_method_AES_WRAP_-_alternative" classname="securosys.ch/tests" time="0.790"></testcase>
		<testcase name="TestOperationsUnWrap/Test_UnWrap_AES_-_wrap_method_AES_WRAP_DSA" classname="securosys.ch/tests" time="0.940"></testcase>
		<testcase name="TestOperationsUnWrap/Test_UnWrap_AES_-_wrap_method_AES_WRAP_EC" classname="securosys.ch/tests" time="0.690"></testcase>
		<testcase name="TestOperationsUnWrap/Test_UnWrap_AES_-_wrap_method_AES_WRAP_ED" classname="securosys.ch/tests" time="0.700"></testcase>
		<testcase name="TestOperationsUnWrap/Test_UnWrap_AES_-_wrap_method_AES_WRAP_RSA" classname="securosys.ch/tests" time="0.890"></testcase>
		<testcase name="TestOperationsUnWrap/Test_UnWrap_AES_-_wrap_method_AES_WRAP_BLS" classname="securosys.ch/tests" time="0.700"></testcase>
		<testcase name="TestOperationsUnWrap/Test_UnWrap_AES_-_wrap_method_AES_WRAP_PAD" classname="securosys.ch/tests" time="0.620"></testcase>
		<testcase name="TestOperationsUnWrap/Test_UnWrap_AES_-_wrap_method_AES_WRAP_PAD_DSA" classname="securosys.ch/tests" time="0.880"></testcase>
		<testcase name="TestOperationsUnWrap/Test_UnWrap_AES_-_wrap_method_AES_WRAP_PAD_EC" classname="securosys.ch/tests" time="0.750"></testcase>
		<testcase name="TestOperationsUnWrap/Test_UnWrap_AES_-_wrap_method_AES_WRAP_PAD_ED" classname="securosys.ch/tests" time="0.700"></testcase>
		<testcase name="TestOperationsUnWrap/Test_UnWrap_AES_-_wrap_method_AES_WRAP_PAD_RSA" classname="securosys.ch/tests" time="0.900"></testcase>
		<testcase name="TestOperationsUnWrap/Test_UnWrap_AES_-_wrap_method_AES_WRAP_PAD_BLS" classname="securosys.ch/tests" time="0.680"></testcase>
		<testcase name="TestOperationsUnWrap/Test_UnWrap_RSA_-_wrap_method_RSA_WRAP_PAD" classname="securosys.ch/tests" time="0.820"></testcase>
		<testcase name="TestOperationsUnWrap/Test_UnWrap_RSA_-_rotate_key_-_wrap_method_RSA_WRAP_PAD" classname="securosys.ch/tests" time="2.300"></testcase>
		<testcase name="TestOperationsUnWrap/Test_UnWrap_RSA_-_rotate_key_after_wrap_-_wrap_method_RSA_WRAP_PAD" classname="securosys.ch/tests" time="1.790"></testcase>
		<testcase name="TestOperationsUnWrap/Test_UnWrap_RSA_-_wrap_method_RSA_WRAP_OAEP" classname="securosys.ch/tests" time="0.830"></testcase>
		<testcase name="TestOperationsUnWrap/remove_test_keys" classname="securosys.ch/tests" time="3.620"></testcase>
		<testcase name="TestOperationsVerify" classname="securosys.ch/tests" time="81.010"></testcase>
		<testcase name="TestOperationsVerify/add_config" classname="securosys.ch/tests" time="0.140"></testcase>
		<testcase name="TestOperationsVerify/prepare_test_keys" classname="securosys.ch/tests" time="31.000"></testcase>
		<testcase name="TestOperationsVerify/Test_Verify_EC_-_signature_NONE_WITH_ECDSA" classname="securosys.ch/tests" time="0.880"></testcase>
		<testcase name="TestOperationsVerify/Test_Verify_EC_-_signature_SHA1_WITH_ECDSA" classname="securosys.ch/tests" time="0.900"></testcase>
		<testcase name="TestOperationsVerify/Test_Verify_EC_-_signature_SHA224_WITH_ECDSA" classname="securosys.ch/tests" time="0.800"></testcase>
		<testcase name="TestOperationsVerify/Test_Verify_EC_-_signature_SHA256_WITH_ECDSA" classname="securosys.ch/tests" time="0.840"></testcase>
		<testcase name="TestOperationsVerify/Test_Verify_EC_-_signature_SHA384_WITH_ECDSA" classname="securosys.ch/tests" time="0.670"></testcase>
		<testcase name="TestOperationsVerify/Test_Verify_EC_-_signature_SHA512_WITH_ECDSA" classname="securosys.ch/tests" time="0.780"></testcase>
		<testcase name="TestOperationsVerify/Test_Verify_EC_-_signature_SHA3224_WITH_ECDSA" classname="securosys.ch/tests" time="0.720"></testcase>
		<testcase name="TestOperationsVerify/Test_Verify_EC_-_signature_SHA3256_WITH_ECDSA" classname="securosys.ch/tests" time="0.910"></testcase>
		<testcase name="TestOperationsVerify/Test_Verify_EC_-_signature_SHA3384_WITH_ECDSA" classname="securosys.ch/tests" time="1.190"></testcase>
		<testcase name="TestOperationsVerify/Test_Verify_EC_-_signature_SHA3512_WITH_ECDSA" classname="securosys.ch/tests" time="1.000"></testcase>
		<testcase name="TestOperationsVerify/Test_Verify_EC_-_signature_KECCAK224_WITH_ECDSA" classname="securosys.ch/tests" time="1.150"></testcase>
		<testcase name="TestOperationsVerify/Test_Verify_EC_-_signature_KECCAK256_WITH_ECDSA" classname="securosys.ch/tests" time="1.010"></testcase>
		<testcase name="TestOperationsVerify/Test_Verify_EC_-_signature_KECCAK384_WITH_ECDSA" classname="securosys.ch/tests" time="0.970"></testcase>
		<testcase name="TestOperationsVerify/Test_Verify_EC_-_signature_KECCAK512_WITH_ECDSA" classname="securosys.ch/tests" time="1.050"></testcase>
		<testcase name="TestOperationsVerify/Test_Verify_ED_-_signature_EDDSA" classname="securosys.ch/tests" time="1.050"></testcase>
		<testcase name="TestOperationsVerify/Test_Verify_DSA_-_signature_NONE_WITH_DSA" classname="securosys.ch/tests" time="1.110"></testcase>
		<testcase name="TestOperationsVerify/Test_Verify_DSA_-_signature_SHA224_WITH_DSA" classname="securosys.ch/tests" time="1.190"></testcase>
		<testcase name="TestOperationsVerify/Test_Verify_DSA_-_signature_SHA256_WITH_DSA" classname="securosys.ch/tests" time="0.810"></testcase>
		<testcase name="TestOperationsVerify/Test_Verify_DSA_-_signature_SHA384_WITH_DSA" classname="securosys.ch/tests" time="0.910"></testcase>
		<testcase name="TestOperationsVerify/Test_Verify_DSA_-_signature_SHA512_WITH_DSA" classname="securosys.ch/tests" time="0.860"></testcase>
		<testcase name="TestOperationsVerify/Test_Verify_DSA_-_signature_SHA1_WITH_DSA" classname="securosys.ch/tests" time="0.850"></testcase>
		<testcase name="TestOperationsVerify/Test_Verify_BLS_-_signature_BLS" classname="securosys.ch/tests" time="1.130"></testcase>
		<testcase name="TestOperationsVerify/Test_Verify_RSA_-_signature_SHA224_WITH_RSA_PSS" classname="securosys.ch/tests" time="0.690"></testcase>
		<testcase name="TestOperationsVerify/Test_Verify_RSA_-_signature_SHA224_WITH_RSA_PSS_-_alternative" classname="securosys.ch/tests" time="0.860"></testcase>
		<testcase name="TestOperationsVerify/Test_Verify_RSA_-_signature_SHA256_WITH_RSA_PSS" classname="securosys.ch/tests" time="0.840"></testcase>
		<testcase name="TestOperationsVerify/Test_Verify_RSA_-_signature_SHA384_WITH_RSA_PSS" classname="securosys.ch/tests" time="0.780"></testcase>
		<testcase name="TestOperationsVerify/Test_Verify_RSA_-_signature_SHA512_WITH_RSA_PSS" classname="securosys.ch/tests" time="0.900"></testcase>
		<testcase name="TestOperationsVerify/Test_Verify_RSA_-_signature_NONE_WITH_RSA" classname="securosys.ch/tests" time="0.810"></testcase>
		<testcase name="TestOperationsVerify/Test_Verify_RSA_-_signature_SHA224_WITH_RSA" classname="securosys.ch/tests" time="0.850"></testcase>
		<testcase name="TestOperationsVerify/Test_Verify_RSA_-_signature_SHA256_WITH_RSA" classname="securosys.ch/tests" time="0.920"></testcase>
		<testcase name="TestOperationsVerify/Test_Verify_RSA_-_signature_SHA384_WITH_RSA" classname="securosys.ch/tests" time="0.920"></testcase>
		<testcase name="TestOperationsVerify/Test_Verify_RSA_-_signature_SHA512_WITH_RSA" classname="securosys.ch/tests" time="1.000"></testcase>
		<testcase name="TestOperationsVerify/Test_Verify_RSA_-_rotate_key_-_signature_SHA224_WITH_RSA" classname="securosys.ch/tests" time="3.690"></testcase>
		<testcase name="TestOperationsVerify/Test_Verify_RSA_-_rotate_key_after_signature_-_signature_SHA224_WITH_RSA" classname="securosys.ch/tests" time="3.920"></testcase>
		<testcase name="TestOperationsVerify/Test_Verify_RSA_-_signature_SHA1_WITH_RSA" classname="securosys.ch/tests" time="0.730"></testcase>
		<testcase name="TestOperationsVerify/Test_Verify_RSA_-_signature_SHA1_WITH_RSA_PSS" classname="securosys.ch/tests" time="0.980"></testcase>
		<testcase name="TestOperationsVerify/remove_test_keys" classname="securosys.ch/tests" time="11.170"></testcase>
		<testcase name="TestOperationsWrap" classname="securosys.ch/tests" time="50.780"></testcase>
		<testcase name="TestOperationsWrap/add_config" classname="securosys.ch/tests" time="0.290"></testcase>
		<testcase name="TestOperationsWrap/prepare_test_keys" classname="securosys.ch/tests" time="41.580"></testcase>
		<testcase name="TestOperationsWrap/Test_Wrap_AES_-_wrap_method_AES_WRAP" classname="securosys.ch/tests" time="0.290"></testcase>
		<testcase name="TestOperationsWrap/Test_Wrap_AES_-_wrap_method_AES_WRAP_DSA" classname="securosys.ch/tests" time="0.390"></testcase>
		<testcase name="TestOperationsWrap/Test_Wrap_AES_-_wrap_method_AES_WRAP_EC" classname="securosys.ch/tests" time="0.290"></testcase>
		<testcase name="TestOperationsWrap/Test_Wrap_AES_-_wrap_method_AES_WRAP_ED" classname="securosys.ch/tests" time="0.390"></testcase>
		<testcase name="TestOperationsWrap/Test_Wrap_AES_-_wrap_method_AES_WRAP_RSA" classname="securosys.ch/tests" time="0.380"></testcase>
		<testcase name="TestOperationsWrap/Test_Wrap_AES_-_wrap_method_AES_WRAP_BLS" classname="securosys.ch/tests" time="0.260"></testcase>
		<testcase name="TestOperationsWrap/Test_Wrap_AES_-_wrap_method_AES_WRAP_PAD" classname="securosys.ch/tests" time="0.400"></testcase>
		<testcase name="TestOperationsWrap/Test_Wrap_AES_-_wrap_method_AES_WRAP_PAD_DSA" classname="securosys.ch/tests" time="0.290"></testcase>
		<testcase name="TestOperationsWrap/Test_Wrap_AES_-_wrap_method_AES_WRAP_PAD_EC" classname="securosys.ch/tests" time="0.470"></testcase>
		<testcase name="TestOperationsWrap/Test_Wrap_AES_-_wrap_method_AES_WRAP_PAD_ED" classname="securosys.ch/tests" time="0.350"></testcase>
		<testcase name="TestOperationsWrap/Test_Wrap_AES_-_wrap_method_AES_WRAP_PAD_RSA" classname="securosys.ch/tests" time="0.350"></testcase>
		<testcase name="TestOperationsWrap/Test_Wrap_AES_-_wrap_method_AES_WRAP_PAD_BLS" classname="securosys.ch/tests" time="0.330"></testcase>
		<testcase name="TestOperationsWrap/Test_Wrap_RSA_-_wrap_method_RSA_WRAP_PAD" classname="securosys.ch/tests" time="0.450"></testcase>
		<testcase name="TestOperationsWrap/Test_Wrap_RSA_-_rotate_key_-_wrap_method_RSA_WRAP_PAD" classname="securosys.ch/tests" time="1.230"></testcase>
		<testcase name="TestOperationsWrap/Test_Wrap_RSA_-_wrap_method_RSA_WRAP_OAEP" classname="securosys.ch/tests" time="0.130"></testcase>
		<testcase name="TestOperationsWrap/remove_test_keys" classname="securosys.ch/tests" time="2.900"></testcase>
		<testcase name="TestRequests" classname="securosys.ch/tests" time="34.260"></testcase>
		<testcase name="TestRequests/add_config" classname="securosys.ch/tests" time="0.070"></testcase>
		<testcase name="TestRequests/prepare_test_keys" classname="securosys.ch/tests" time="22.770"></testcase>
		<testcase name="TestRequests/Test_Create_async_operation_-_decrypt" classname="securosys.ch/tests" time="1.290"></testcase>
		<testcase name="TestRequests/Test_Create_async_operation_-_unwrap" classname="securosys.ch/tests" time="1.600"></testcase>
		<testcase name="TestRequests/Test_Create_async_operation_-_sign" classname="securosys.ch/tests" time="1.160"></testcase>
		<testcase name="TestRequests/Test_Create_async_operation_-_block" classname="securosys.ch/tests" time="1.050"></testcase>
		<testcase name="TestRequests/Test_Create_async_operation_-_unblock" classname="securosys.ch/tests" time="1.330"></testcase>
		<testcase name="TestRequests/Test_Create_async_operation_-_modify" classname="securosys.ch/tests" time="1.300"></testcase>
		<testcase name="TestRequests/remove_test_keys" classname="securosys.ch/tests" time="3.710"></testcase>
	</testsuite>
</testsuites>
